This file contains any messages produced by compilers while
running configure, to aid debugging if configure makes a mistake.

It was created by titan configure 2.0.2, which was
generated by GNU Autoconf 2.63.  Invocation command line was

  $ ./configure --host=x86_64 C=/dinesh1/data/users/haghakha/slepc-3.4/petsc-3.4.4/regular/bin/mpicc CC=/dinesh1/data/users/haghakha/slepc-3.4/petsc-3.4.4/regular/bin/mpicc CXX=/dinesh1/data/users/haghakha/slepc-3.4/petsc-3.4.4/regular/bin/mpicxx FC=/dinesh1/data/users/haghakha/slepc-3.4/petsc-3.4.4/regular/bin/mpif90 CPPFLAGS=-DH5_USE_16_API -I/dinesh1/data/users/haghakha/slepc-3.4/petsc-3.4.4/include -I/dinesh1/data/users/haghakha/slepc-3.4/petsc-3.4.4/regular/include CXXFLAGS=-DH5_USE_16_AP -I/dinesh1/data/users/haghakha/slepc-3.4/petsc-3.4.4/include -I/dinesh1/data/users/haghakha/slepc-3.4/petsc-3.4.4/regular/include LDFLAGS=-L/dinesh1/data/users/haghakha/slepc-3.4/petsc-3.4.4/regular/lib -lpetsc host_alias=x86_64 --no-create --no-recursion

## --------- ##
## Platform. ##
## --------- ##

hostname = dinesh.eng.buffalo.edu
uname -m = x86_64
uname -r = 2.6.32-431.20.3.el6.x86_64
uname -s = Linux
uname -v = #1 SMP Fri Jun 6 18:30:54 EDT 2014

/usr/bin/uname -p = unknown
/bin/uname -X     = unknown

/bin/arch              = x86_64
/usr/bin/arch -k       = unknown
/usr/convex/getsysinfo = unknown
/usr/bin/hostinfo      = unknown
/bin/machine           = unknown
/usr/bin/oslevel       = unknown
/bin/universe          = unknown

PATH: /eng/home/haghakha/bin
PATH: /usr/local/bin
PATH: /eng/local/bin
PATH: /usr/kerberos/bin
PATH: /util/X11/bin
PATH: /bin
PATH: /usr/bin
PATH: /sbin
PATH: /usr/sbin
PATH: /usr/X11R6/bin
PATH: /usr/lib/jvm/jre/bin
PATH: /util/bin
PATH: .


## ----------- ##
## Core tests. ##
## ----------- ##

configure:1911: checking for a BSD-compatible install
configure:1979: result: /usr/bin/install -c
configure:1990: checking whether build environment is sane
configure:2050: result: yes
configure:2099: checking for x86_64-strip
configure:2129: result: no
configure:2139: checking for strip
configure:2155: found /usr/bin/strip
configure:2166: result: strip
configure:2191: checking for a thread-safe mkdir -p
configure:2230: result: /bin/mkdir -p
configure:2243: checking for gawk
configure:2259: found /bin/gawk
configure:2270: result: gawk
configure:2281: checking whether make sets $(MAKE)
configure:2303: result: yes
configure:2511: checking for C++ compiler version
configure:2519: /dinesh1/data/users/haghakha/slepc-3.4/petsc-3.4.4/regular/bin/mpicxx --version >&5
g++ (GCC) 4.4.7 20120313 (Red Hat 4.4.7-4)
Copyright (C) 2010 Free Software Foundation, Inc.
This is free software; see the source for copying conditions.  There is NO
warranty; not even for MERCHANTABILITY or FITNESS FOR A PARTICULAR PURPOSE.

configure:2523: $? = 0
configure:2530: /dinesh1/data/users/haghakha/slepc-3.4/petsc-3.4.4/regular/bin/mpicxx -v >&5
mpicxx for MPICH version 3.0.4
Using built-in specs.
Target: x86_64-redhat-linux
Configured with: ../configure --prefix=/usr --mandir=/usr/share/man --infodir=/usr/share/info --with-bugurl=http://bugzilla.redhat.com/bugzilla --enable-bootstrap --enable-shared --enable-threads=posix --enable-checking=release --with-system-zlib --enable-__cxa_atexit --disable-libunwind-exceptions --enable-gnu-unique-object --enable-languages=c,c++,objc,obj-c++,java,fortran,ada --enable-java-awt=gtk --disable-dssi --with-java-home=/usr/lib/jvm/java-1.5.0-gcj-1.5.0.0/jre --enable-libgcj-multifile --enable-java-maintainer-mode --with-ecj-jar=/usr/share/java/eclipse-ecj.jar --disable-libjava-multilib --with-ppl --with-cloog --with-tune=generic --with-arch_32=i686 --build=x86_64-redhat-linux
Thread model: posix
gcc version 4.4.7 20120313 (Red Hat 4.4.7-4) (GCC) 
configure:2534: $? = 0
configure:2541: /dinesh1/data/users/haghakha/slepc-3.4/petsc-3.4.4/regular/bin/mpicxx -V >&5
g++: '-V' must come at the start of the command line
configure:2545: $? = 1
configure:2568: checking for C++ compiler default output file name
configure:2590: /dinesh1/data/users/haghakha/slepc-3.4/petsc-3.4.4/regular/bin/mpicxx -DH5_USE_16_AP -I/dinesh1/data/users/haghakha/slepc-3.4/petsc-3.4.4/include -I/dinesh1/data/users/haghakha/slepc-3.4/petsc-3.4.4/regular/include -DH5_USE_16_API -I/dinesh1/data/users/haghakha/slepc-3.4/petsc-3.4.4/include -I/dinesh1/data/users/haghakha/slepc-3.4/petsc-3.4.4/regular/include -L/dinesh1/data/users/haghakha/slepc-3.4/petsc-3.4.4/regular/lib -lpetsc conftest.cpp  >&5
configure:2594: $? = 0
configure:2632: result: a.out
configure:2651: checking whether the C++ compiler works
configure:2661: ./a.out
configure:2665: $? = 0
configure:2684: result: yes
configure:2691: checking whether we are cross compiling
configure:2693: result: no
configure:2696: checking for suffix of executables
configure:2703: /dinesh1/data/users/haghakha/slepc-3.4/petsc-3.4.4/regular/bin/mpicxx -o conftest -DH5_USE_16_AP -I/dinesh1/data/users/haghakha/slepc-3.4/petsc-3.4.4/include -I/dinesh1/data/users/haghakha/slepc-3.4/petsc-3.4.4/regular/include -DH5_USE_16_API -I/dinesh1/data/users/haghakha/slepc-3.4/petsc-3.4.4/include -I/dinesh1/data/users/haghakha/slepc-3.4/petsc-3.4.4/regular/include -L/dinesh1/data/users/haghakha/slepc-3.4/petsc-3.4.4/regular/lib -lpetsc conftest.cpp  >&5
configure:2707: $? = 0
configure:2733: result: 
configure:2739: checking for suffix of object files
configure:2765: /dinesh1/data/users/haghakha/slepc-3.4/petsc-3.4.4/regular/bin/mpicxx -c -DH5_USE_16_AP -I/dinesh1/data/users/haghakha/slepc-3.4/petsc-3.4.4/include -I/dinesh1/data/users/haghakha/slepc-3.4/petsc-3.4.4/regular/include -DH5_USE_16_API -I/dinesh1/data/users/haghakha/slepc-3.4/petsc-3.4.4/include -I/dinesh1/data/users/haghakha/slepc-3.4/petsc-3.4.4/regular/include conftest.cpp >&5
configure:2769: $? = 0
configure:2794: result: o
configure:2798: checking whether we are using the GNU C++ compiler
configure:2827: /dinesh1/data/users/haghakha/slepc-3.4/petsc-3.4.4/regular/bin/mpicxx -c -DH5_USE_16_AP -I/dinesh1/data/users/haghakha/slepc-3.4/petsc-3.4.4/include -I/dinesh1/data/users/haghakha/slepc-3.4/petsc-3.4.4/regular/include -DH5_USE_16_API -I/dinesh1/data/users/haghakha/slepc-3.4/petsc-3.4.4/include -I/dinesh1/data/users/haghakha/slepc-3.4/petsc-3.4.4/regular/include conftest.cpp >&5
configure:2834: $? = 0
configure:2851: result: yes
configure:2860: checking whether /dinesh1/data/users/haghakha/slepc-3.4/petsc-3.4.4/regular/bin/mpicxx accepts -g
configure:2890: /dinesh1/data/users/haghakha/slepc-3.4/petsc-3.4.4/regular/bin/mpicxx -c -g -DH5_USE_16_API -I/dinesh1/data/users/haghakha/slepc-3.4/petsc-3.4.4/include -I/dinesh1/data/users/haghakha/slepc-3.4/petsc-3.4.4/regular/include conftest.cpp >&5
configure:2897: $? = 0
configure:2998: result: yes
configure:3032: checking for style of include used by make
configure:3060: result: GNU
configure:3085: checking dependency style of /dinesh1/data/users/haghakha/slepc-3.4/petsc-3.4.4/regular/bin/mpicxx
configure:3195: result: gcc3
configure:3218: checking for x86_64-gcc
configure:3245: result: /dinesh1/data/users/haghakha/slepc-3.4/petsc-3.4.4/regular/bin/mpicc
configure:3517: checking for C compiler version
configure:3525: /dinesh1/data/users/haghakha/slepc-3.4/petsc-3.4.4/regular/bin/mpicc --version >&5
gcc (GCC) 4.4.7 20120313 (Red Hat 4.4.7-4)
Copyright (C) 2010 Free Software Foundation, Inc.
This is free software; see the source for copying conditions.  There is NO
warranty; not even for MERCHANTABILITY or FITNESS FOR A PARTICULAR PURPOSE.

configure:3529: $? = 0
configure:3536: /dinesh1/data/users/haghakha/slepc-3.4/petsc-3.4.4/regular/bin/mpicc -v >&5
mpicc for MPICH version 3.0.4
Using built-in specs.
Target: x86_64-redhat-linux
Configured with: ../configure --prefix=/usr --mandir=/usr/share/man --infodir=/usr/share/info --with-bugurl=http://bugzilla.redhat.com/bugzilla --enable-bootstrap --enable-shared --enable-threads=posix --enable-checking=release --with-system-zlib --enable-__cxa_atexit --disable-libunwind-exceptions --enable-gnu-unique-object --enable-languages=c,c++,objc,obj-c++,java,fortran,ada --enable-java-awt=gtk --disable-dssi --with-java-home=/usr/lib/jvm/java-1.5.0-gcj-1.5.0.0/jre --enable-libgcj-multifile --enable-java-maintainer-mode --with-ecj-jar=/usr/share/java/eclipse-ecj.jar --disable-libjava-multilib --with-ppl --with-cloog --with-tune=generic --with-arch_32=i686 --build=x86_64-redhat-linux
Thread model: posix
gcc version 4.4.7 20120313 (Red Hat 4.4.7-4) (GCC) 
configure:3540: $? = 0
configure:3547: /dinesh1/data/users/haghakha/slepc-3.4/petsc-3.4.4/regular/bin/mpicc -V >&5
gcc: '-V' must come at the start of the command line
configure:3551: $? = 1
configure:3554: checking whether we are using the GNU C compiler
configure:3583: /dinesh1/data/users/haghakha/slepc-3.4/petsc-3.4.4/regular/bin/mpicc -c  -DH5_USE_16_API -I/dinesh1/data/users/haghakha/slepc-3.4/petsc-3.4.4/include -I/dinesh1/data/users/haghakha/slepc-3.4/petsc-3.4.4/regular/include conftest.c >&5
configure:3590: $? = 0
configure:3607: result: yes
configure:3616: checking whether /dinesh1/data/users/haghakha/slepc-3.4/petsc-3.4.4/regular/bin/mpicc accepts -g
configure:3646: /dinesh1/data/users/haghakha/slepc-3.4/petsc-3.4.4/regular/bin/mpicc -c -g -DH5_USE_16_API -I/dinesh1/data/users/haghakha/slepc-3.4/petsc-3.4.4/include -I/dinesh1/data/users/haghakha/slepc-3.4/petsc-3.4.4/regular/include conftest.c >&5
configure:3653: $? = 0
configure:3754: result: yes
configure:3771: checking for /dinesh1/data/users/haghakha/slepc-3.4/petsc-3.4.4/regular/bin/mpicc option to accept ISO C89
configure:3845: /dinesh1/data/users/haghakha/slepc-3.4/petsc-3.4.4/regular/bin/mpicc  -c -g -O2 -DH5_USE_16_API -I/dinesh1/data/users/haghakha/slepc-3.4/petsc-3.4.4/include -I/dinesh1/data/users/haghakha/slepc-3.4/petsc-3.4.4/regular/include conftest.c >&5
configure:3852: $? = 0
configure:3875: result: none needed
configure:3895: checking dependency style of /dinesh1/data/users/haghakha/slepc-3.4/petsc-3.4.4/regular/bin/mpicc
configure:4005: result: gcc3
configure:4025: checking how to run the C preprocessor
configure:4065: /dinesh1/data/users/haghakha/slepc-3.4/petsc-3.4.4/regular/bin/mpicc -E -DH5_USE_16_API -I/dinesh1/data/users/haghakha/slepc-3.4/petsc-3.4.4/include -I/dinesh1/data/users/haghakha/slepc-3.4/petsc-3.4.4/regular/include conftest.c
configure:4072: $? = 0
configure:4103: /dinesh1/data/users/haghakha/slepc-3.4/petsc-3.4.4/regular/bin/mpicc -E -DH5_USE_16_API -I/dinesh1/data/users/haghakha/slepc-3.4/petsc-3.4.4/include -I/dinesh1/data/users/haghakha/slepc-3.4/petsc-3.4.4/regular/include conftest.c
conftest.c:10:28: error: ac_nonexistent.h: No such file or directory
configure:4110: $? = 1
configure: failed program was:
| /* confdefs.h.  */
| #define PACKAGE_NAME "titan"
| #define PACKAGE_TARNAME "titan"
| #define PACKAGE_VERSION "2.0.2"
| #define PACKAGE_STRING "titan 2.0.2"
| #define PACKAGE_BUGREPORT ""
| #define PACKAGE "titan"
| #define VERSION "2.0.2"
| /* end confdefs.h.  */
| #include <ac_nonexistent.h>
configure:4143: result: /dinesh1/data/users/haghakha/slepc-3.4/petsc-3.4.4/regular/bin/mpicc -E
configure:4172: /dinesh1/data/users/haghakha/slepc-3.4/petsc-3.4.4/regular/bin/mpicc -E -DH5_USE_16_API -I/dinesh1/data/users/haghakha/slepc-3.4/petsc-3.4.4/include -I/dinesh1/data/users/haghakha/slepc-3.4/petsc-3.4.4/regular/include conftest.c
configure:4179: $? = 0
configure:4210: /dinesh1/data/users/haghakha/slepc-3.4/petsc-3.4.4/regular/bin/mpicc -E -DH5_USE_16_API -I/dinesh1/data/users/haghakha/slepc-3.4/petsc-3.4.4/include -I/dinesh1/data/users/haghakha/slepc-3.4/petsc-3.4.4/regular/include conftest.c
conftest.c:10:28: error: ac_nonexistent.h: No such file or directory
configure:4217: $? = 1
configure: failed program was:
| /* confdefs.h.  */
| #define PACKAGE_NAME "titan"
| #define PACKAGE_TARNAME "titan"
| #define PACKAGE_VERSION "2.0.2"
| #define PACKAGE_STRING "titan 2.0.2"
| #define PACKAGE_BUGREPORT ""
| #define PACKAGE "titan"
| #define VERSION "2.0.2"
| /* end confdefs.h.  */
| #include <ac_nonexistent.h>
configure:4270: checking for a BSD-compatible install
configure:4338: result: /usr/bin/install -c
configure:4349: checking whether ln -s works
configure:4353: result: yes
configure:4360: checking whether make sets $(MAKE)
configure:4382: result: yes
configure:4394: checking for x86_64-ranlib
configure:4424: result: no
configure:4434: checking for ranlib
configure:4450: found /usr/bin/ranlib
configure:4461: result: ranlib
configure:4492: checking for x86_64-g77
configure:4522: result: no
configure:4492: checking for x86_64-xlf
configure:4522: result: no
configure:4492: checking for x86_64-f77
configure:4522: result: no
configure:4492: checking for x86_64-frt
configure:4522: result: no
configure:4492: checking for x86_64-pgf77
configure:4522: result: no
configure:4492: checking for x86_64-cf77
configure:4522: result: no
configure:4492: checking for x86_64-fort77
configure:4522: result: no
configure:4492: checking for x86_64-fl32
configure:4522: result: no
configure:4492: checking for x86_64-af77
configure:4522: result: no
configure:4492: checking for x86_64-xlf90
configure:4522: result: no
configure:4492: checking for x86_64-f90
configure:4522: result: no
configure:4492: checking for x86_64-pgf90
configure:4522: result: no
configure:4492: checking for x86_64-pghpf
configure:4522: result: no
configure:4492: checking for x86_64-epcf90
configure:4522: result: no
configure:4492: checking for x86_64-gfortran
configure:4522: result: no
configure:4492: checking for x86_64-g95
configure:4522: result: no
configure:4492: checking for x86_64-xlf95
configure:4522: result: no
configure:4492: checking for x86_64-f95
configure:4522: result: no
configure:4492: checking for x86_64-fort
configure:4522: result: no
configure:4492: checking for x86_64-ifort
configure:4522: result: no
configure:4492: checking for x86_64-ifc
configure:4522: result: no
configure:4492: checking for x86_64-efc
configure:4522: result: no
configure:4492: checking for x86_64-pgf95
configure:4522: result: no
configure:4492: checking for x86_64-lf95
configure:4522: result: no
configure:4492: checking for x86_64-ftn
configure:4522: result: no
configure:4536: checking for g77
configure:4566: result: no
configure:4536: checking for xlf
configure:4566: result: no
configure:4536: checking for f77
configure:4566: result: no
configure:4536: checking for frt
configure:4566: result: no
configure:4536: checking for pgf77
configure:4566: result: no
configure:4536: checking for cf77
configure:4566: result: no
configure:4536: checking for fort77
configure:4566: result: no
configure:4536: checking for fl32
configure:4566: result: no
configure:4536: checking for af77
configure:4566: result: no
configure:4536: checking for xlf90
configure:4566: result: no
configure:4536: checking for f90
configure:4566: result: no
configure:4536: checking for pgf90
configure:4566: result: no
configure:4536: checking for pghpf
configure:4566: result: no
configure:4536: checking for epcf90
configure:4566: result: no
configure:4536: checking for gfortran
configure:4552: found /usr/bin/gfortran
configure:4563: result: gfortran
configure:4589: checking for Fortran 77 compiler version
configure:4597: gfortran --version >&5
GNU Fortran (GCC) 4.4.7 20120313 (Red Hat 4.4.7-4)
Copyright (C) 2010 Free Software Foundation, Inc.

GNU Fortran comes with NO WARRANTY, to the extent permitted by law.
You may redistribute copies of GNU Fortran
under the terms of the GNU General Public License.
For more information about these matters, see the file named COPYING

configure:4601: $? = 0
configure:4608: gfortran -v >&5
Using built-in specs.
Target: x86_64-redhat-linux
Configured with: ../configure --prefix=/usr --mandir=/usr/share/man --infodir=/usr/share/info --with-bugurl=http://bugzilla.redhat.com/bugzilla --enable-bootstrap --enable-shared --enable-threads=posix --enable-checking=release --with-system-zlib --enable-__cxa_atexit --disable-libunwind-exceptions --enable-gnu-unique-object --enable-languages=c,c++,objc,obj-c++,java,fortran,ada --enable-java-awt=gtk --disable-dssi --with-java-home=/usr/lib/jvm/java-1.5.0-gcj-1.5.0.0/jre --enable-libgcj-multifile --enable-java-maintainer-mode --with-ecj-jar=/usr/share/java/eclipse-ecj.jar --disable-libjava-multilib --with-ppl --with-cloog --with-tune=generic --with-arch_32=i686 --build=x86_64-redhat-linux
Thread model: posix
gcc version 4.4.7 20120313 (Red Hat 4.4.7-4) (GCC) 
configure:4612: $? = 0
configure:4619: gfortran -V >&5
gfortran: '-V' option must have argument
configure:4623: $? = 1
configure:4631: checking whether we are using the GNU Fortran 77 compiler
configure:4650: gfortran -c  conftest.F >&5
configure:4657: $? = 0
configure:4674: result: yes
configure:4680: checking whether gfortran accepts -g
configure:4697: gfortran -c -g conftest.f >&5
configure:4704: $? = 0
configure:4720: result: yes
configure:4754: checking how to get verbose linking output from gfortran
configure:4770: gfortran -c -g -O2 conftest.f >&5
configure:4777: $? = 0
configure:4799: gfortran -o conftest -g -O2 -v -L/dinesh1/data/users/haghakha/slepc-3.4/petsc-3.4.4/regular/lib -lpetsc conftest.f
Using built-in specs.
Target: x86_64-redhat-linux
Configured with: ../configure --prefix=/usr --mandir=/usr/share/man --infodir=/usr/share/info --with-bugurl=http://bugzilla.redhat.com/bugzilla --enable-bootstrap --enable-shared --enable-threads=posix --enable-checking=release --with-system-zlib --enable-__cxa_atexit --disable-libunwind-exceptions --enable-gnu-unique-object --enable-languages=c,c++,objc,obj-c++,java,fortran,ada --enable-java-awt=gtk --disable-dssi --with-java-home=/usr/lib/jvm/java-1.5.0-gcj-1.5.0.0/jre --enable-libgcj-multifile --enable-java-maintainer-mode --with-ecj-jar=/usr/share/java/eclipse-ecj.jar --disable-libjava-multilib --with-ppl --with-cloog --with-tune=generic --with-arch_32=i686 --build=x86_64-redhat-linux
Thread model: posix
gcc version 4.4.7 20120313 (Red Hat 4.4.7-4) (GCC) 
 /usr/libexec/gcc/x86_64-redhat-linux/4.4.7/f951 conftest.f -ffixed-form -quiet -dumpbase conftest.f -mtune=generic -auxbase conftest -g -O2 -version -fintrinsic-modules-path /usr/lib/gcc/x86_64-redhat-linux/4.4.7/finclude -o /tmp/cc15gBAe.s
GNU Fortran (GCC) version 4.4.7 20120313 (Red Hat 4.4.7-4) (x86_64-redhat-linux)
	compiled by GNU C version 4.4.7 20120313 (Red Hat 4.4.7-4), GMP version 4.3.1, MPFR version 2.4.1.
GGC heuristics: --param ggc-min-expand=100 --param ggc-min-heapsize=131072
 as -V -Qy -o /tmp/ccImGMRz.o /tmp/cc15gBAe.s
GNU assembler version 2.20.51.0.2 (x86_64-redhat-linux) using BFD version version 2.20.51.0.2-5.36.el6 20100205
 /usr/libexec/gcc/x86_64-redhat-linux/4.4.7/collect2 --eh-frame-hdr --build-id -m elf_x86_64 --hash-style=gnu -dynamic-linker /lib64/ld-linux-x86-64.so.2 -o conftest /usr/lib/gcc/x86_64-redhat-linux/4.4.7/../../../../lib64/crt1.o /usr/lib/gcc/x86_64-redhat-linux/4.4.7/../../../../lib64/crti.o /usr/lib/gcc/x86_64-redhat-linux/4.4.7/crtbegin.o -L/dinesh1/data/users/haghakha/slepc-3.4/petsc-3.4.4/regular/lib -L/usr/lib/gcc/x86_64-redhat-linux/4.4.7 -L/usr/lib/gcc/x86_64-redhat-linux/4.4.7 -L/usr/lib/gcc/x86_64-redhat-linux/4.4.7/../../../../lib64 -L/lib/../lib64 -L/usr/lib/../lib64 -L/usr/lib/gcc/x86_64-redhat-linux/4.4.7/../../.. -lpetsc /tmp/ccImGMRz.o -lgfortranbegin -lgfortran -lm -lgcc_s -lgcc -lc -lgcc_s -lgcc /usr/lib/gcc/x86_64-redhat-linux/4.4.7/crtend.o /usr/lib/gcc/x86_64-redhat-linux/4.4.7/../../../../lib64/crtn.o
configure:4868: result: -v
configure:4870: checking for Fortran 77 libraries of gfortran
configure:4893: gfortran -o conftest -g -O2 -v -L/dinesh1/data/users/haghakha/slepc-3.4/petsc-3.4.4/regular/lib -lpetsc conftest.f
Using built-in specs.
Target: x86_64-redhat-linux
Configured with: ../configure --prefix=/usr --mandir=/usr/share/man --infodir=/usr/share/info --with-bugurl=http://bugzilla.redhat.com/bugzilla --enable-bootstrap --enable-shared --enable-threads=posix --enable-checking=release --with-system-zlib --enable-__cxa_atexit --disable-libunwind-exceptions --enable-gnu-unique-object --enable-languages=c,c++,objc,obj-c++,java,fortran,ada --enable-java-awt=gtk --disable-dssi --with-java-home=/usr/lib/jvm/java-1.5.0-gcj-1.5.0.0/jre --enable-libgcj-multifile --enable-java-maintainer-mode --with-ecj-jar=/usr/share/java/eclipse-ecj.jar --disable-libjava-multilib --with-ppl --with-cloog --with-tune=generic --with-arch_32=i686 --build=x86_64-redhat-linux
Thread model: posix
gcc version 4.4.7 20120313 (Red Hat 4.4.7-4) (GCC) 
 /usr/libexec/gcc/x86_64-redhat-linux/4.4.7/f951 conftest.f -ffixed-form -quiet -dumpbase conftest.f -mtune=generic -auxbase conftest -g -O2 -version -fintrinsic-modules-path /usr/lib/gcc/x86_64-redhat-linux/4.4.7/finclude -o /tmp/ccCBn4lj.s
GNU Fortran (GCC) version 4.4.7 20120313 (Red Hat 4.4.7-4) (x86_64-redhat-linux)
	compiled by GNU C version 4.4.7 20120313 (Red Hat 4.4.7-4), GMP version 4.3.1, MPFR version 2.4.1.
GGC heuristics: --param ggc-min-expand=100 --param ggc-min-heapsize=131072
 as -V -Qy -o /tmp/ccDWIZOE.o /tmp/ccCBn4lj.s
GNU assembler version 2.20.51.0.2 (x86_64-redhat-linux) using BFD version version 2.20.51.0.2-5.36.el6 20100205
 /usr/libexec/gcc/x86_64-redhat-linux/4.4.7/collect2 --eh-frame-hdr --build-id -m elf_x86_64 --hash-style=gnu -dynamic-linker /lib64/ld-linux-x86-64.so.2 -o conftest /usr/lib/gcc/x86_64-redhat-linux/4.4.7/../../../../lib64/crt1.o /usr/lib/gcc/x86_64-redhat-linux/4.4.7/../../../../lib64/crti.o /usr/lib/gcc/x86_64-redhat-linux/4.4.7/crtbegin.o -L/dinesh1/data/users/haghakha/slepc-3.4/petsc-3.4.4/regular/lib -L/usr/lib/gcc/x86_64-redhat-linux/4.4.7 -L/usr/lib/gcc/x86_64-redhat-linux/4.4.7 -L/usr/lib/gcc/x86_64-redhat-linux/4.4.7/../../../../lib64 -L/lib/../lib64 -L/usr/lib/../lib64 -L/usr/lib/gcc/x86_64-redhat-linux/4.4.7/../../.. -lpetsc /tmp/ccDWIZOE.o -lgfortranbegin -lgfortran -lm -lgcc_s -lgcc -lc -lgcc_s -lgcc /usr/lib/gcc/x86_64-redhat-linux/4.4.7/crtend.o /usr/lib/gcc/x86_64-redhat-linux/4.4.7/../../../../lib64/crtn.o
configure:5070: result:  -L/dinesh1/data/users/haghakha/slepc-3.4/petsc-3.4.4/regular/lib -L/usr/lib/gcc/x86_64-redhat-linux/4.4.7 -L/usr/lib/gcc/x86_64-redhat-linux/4.4.7/../../../../lib64 -L/lib/../lib64 -L/usr/lib/../lib64 -L/usr/lib/gcc/x86_64-redhat-linux/4.4.7/../../.. -lpetsc -lgfortranbegin -lgfortran -lm
configure:5089: checking for special C compiler options needed for large files
configure:5184: result: no
configure:5190: checking for _FILE_OFFSET_BITS value needed for large files
configure:5225: /dinesh1/data/users/haghakha/slepc-3.4/petsc-3.4.4/regular/bin/mpicxx -c -DH5_USE_16_AP -I/dinesh1/data/users/haghakha/slepc-3.4/petsc-3.4.4/include -I/dinesh1/data/users/haghakha/slepc-3.4/petsc-3.4.4/regular/include -DH5_USE_16_API -I/dinesh1/data/users/haghakha/slepc-3.4/petsc-3.4.4/include -I/dinesh1/data/users/haghakha/slepc-3.4/petsc-3.4.4/regular/include conftest.cpp >&5
configure:5232: $? = 0
configure:5301: result: no
configure:5443: checking for pthread_create in -lpthread
configure:5478: /dinesh1/data/users/haghakha/slepc-3.4/petsc-3.4.4/regular/bin/mpicxx -o conftest -DH5_USE_16_AP -I/dinesh1/data/users/haghakha/slepc-3.4/petsc-3.4.4/include -I/dinesh1/data/users/haghakha/slepc-3.4/petsc-3.4.4/regular/include -DH5_USE_16_API -I/dinesh1/data/users/haghakha/slepc-3.4/petsc-3.4.4/include -I/dinesh1/data/users/haghakha/slepc-3.4/petsc-3.4.4/regular/include -L/dinesh1/data/users/haghakha/slepc-3.4/petsc-3.4.4/regular/lib -lpetsc conftest.cpp -lpthread   >&5
configure:5485: $? = 0
configure:5506: result: yes
configure:5694: checking for MPI_Init in -lmpich
configure:5729: /dinesh1/data/users/haghakha/slepc-3.4/petsc-3.4.4/regular/bin/mpicxx -o conftest -DH5_USE_16_AP -I/dinesh1/data/users/haghakha/slepc-3.4/petsc-3.4.4/include -I/dinesh1/data/users/haghakha/slepc-3.4/petsc-3.4.4/regular/include -DH5_USE_16_API -I/dinesh1/data/users/haghakha/slepc-3.4/petsc-3.4.4/include -I/dinesh1/data/users/haghakha/slepc-3.4/petsc-3.4.4/regular/include -L/dinesh1/data/users/haghakha/slepc-3.4/petsc-3.4.4/regular/lib -lpetsc conftest.cpp -lmpich  -lpthread  >&5
configure:5736: $? = 0
configure:5757: result: yes
configure:5873: checking for H5open in -lhdf5
configure:5908: /dinesh1/data/users/haghakha/slepc-3.4/petsc-3.4.4/regular/bin/mpicxx -o conftest -DH5_USE_16_AP -I/dinesh1/data/users/haghakha/slepc-3.4/petsc-3.4.4/include -I/dinesh1/data/users/haghakha/slepc-3.4/petsc-3.4.4/regular/include  -I/include -DH5_USE_16_API -I/dinesh1/data/users/haghakha/slepc-3.4/petsc-3.4.4/include -I/dinesh1/data/users/haghakha/slepc-3.4/petsc-3.4.4/regular/include  -I/include -DH5_USE_16_API -L/dinesh1/data/users/haghakha/slepc-3.4/petsc-3.4.4/regular/lib -lpetsc -L/lib conftest.cpp -lhdf5  -lmpich -lpthread  >&5
configure:5915: $? = 0
configure:5936: result: yes
configure:5948: checking for H5open in -lhdf5
configure:6011: result: yes
configure:6066: checking for G_gisinit in -lgis
configure:6101: /dinesh1/data/users/haghakha/slepc-3.4/petsc-3.4.4/regular/bin/mpicxx -o conftest -DH5_USE_16_AP -I/dinesh1/data/users/haghakha/slepc-3.4/petsc-3.4.4/include -I/dinesh1/data/users/haghakha/slepc-3.4/petsc-3.4.4/regular/include  -I/include -DH5_USE_16_API -I/dinesh1/data/users/haghakha/slepc-3.4/petsc-3.4.4/include -I/dinesh1/data/users/haghakha/slepc-3.4/petsc-3.4.4/regular/include  -I/include -DH5_USE_16_API -L/dinesh1/data/users/haghakha/slepc-3.4/petsc-3.4.4/regular/lib -lpetsc -L/lib conftest.cpp -lgis  -lhdf5 -lmpich -lpthread  >&5
/usr/bin/ld: cannot find -lgis
collect2: ld returned 1 exit status
configure:6108: $? = 1
configure: failed program was:
| /* confdefs.h.  */
| #define PACKAGE_NAME "titan"
| #define PACKAGE_TARNAME "titan"
| #define PACKAGE_VERSION "2.0.2"
| #define PACKAGE_STRING "titan 2.0.2"
| #define PACKAGE_BUGREPORT ""
| #define PACKAGE "titan"
| #define VERSION "2.0.2"
| #define HAVE_LIBPTHREAD 1
| #define HAVE_LIBMPICH 1
| #define HAVE_LIBHDF5 1
| #define HAVE_HDF5 1
| /* end confdefs.h.  */
| 
| /* Override any GCC internal prototype to avoid an error.
|    Use char because int might match the return type of a GCC
|    builtin and then its argument prototype would still apply.  */
| #ifdef __cplusplus
| extern "C"
| #endif
| char G_gisinit ();
| int
| main ()
| {
| return G_gisinit ();
|   ;
|   return 0;
| }
configure:6129: result: no
configure:6143: checking for debug build
configure:6172: result: no, CFLAGS="-g -O2 -I/include"
configure:6178: checking for matherr in -lm
configure:6213: /dinesh1/data/users/haghakha/slepc-3.4/petsc-3.4.4/regular/bin/mpicxx -o conftest -DH5_USE_16_AP -I/dinesh1/data/users/haghakha/slepc-3.4/petsc-3.4.4/include -I/dinesh1/data/users/haghakha/slepc-3.4/petsc-3.4.4/regular/include  -I/include -DH5_USE_16_API -I/dinesh1/data/users/haghakha/slepc-3.4/petsc-3.4.4/include -I/dinesh1/data/users/haghakha/slepc-3.4/petsc-3.4.4/regular/include  -I/include -DH5_USE_16_API -L/dinesh1/data/users/haghakha/slepc-3.4/petsc-3.4.4/regular/lib -lpetsc -L/lib conftest.cpp -lm  -lhdf5 -lmpich -lpthread  >&5
configure:6220: $? = 0
configure:6241: result: yes
configure:6253: checking for gzdopen in -lz
configure:6288: /dinesh1/data/users/haghakha/slepc-3.4/petsc-3.4.4/regular/bin/mpicxx -o conftest -DH5_USE_16_AP -I/dinesh1/data/users/haghakha/slepc-3.4/petsc-3.4.4/include -I/dinesh1/data/users/haghakha/slepc-3.4/petsc-3.4.4/regular/include  -I/include -DH5_USE_16_API -I/dinesh1/data/users/haghakha/slepc-3.4/petsc-3.4.4/include -I/dinesh1/data/users/haghakha/slepc-3.4/petsc-3.4.4/regular/include  -I/include -DH5_USE_16_API -L/dinesh1/data/users/haghakha/slepc-3.4/petsc-3.4.4/regular/lib -lpetsc -L/lib conftest.cpp -lz  -lm -lhdf5 -lmpich -lpthread  >&5
configure:6295: $? = 0
configure:6316: result: yes
configure:6328: checking for inet_ntoa in -lnsl
configure:6363: /dinesh1/data/users/haghakha/slepc-3.4/petsc-3.4.4/regular/bin/mpicxx -o conftest -DH5_USE_16_AP -I/dinesh1/data/users/haghakha/slepc-3.4/petsc-3.4.4/include -I/dinesh1/data/users/haghakha/slepc-3.4/petsc-3.4.4/regular/include  -I/include -DH5_USE_16_API -I/dinesh1/data/users/haghakha/slepc-3.4/petsc-3.4.4/include -I/dinesh1/data/users/haghakha/slepc-3.4/petsc-3.4.4/regular/include  -I/include -DH5_USE_16_API -L/dinesh1/data/users/haghakha/slepc-3.4/petsc-3.4.4/regular/lib -lpetsc -L/lib conftest.cpp -lnsl  -lz -lm -lhdf5 -lmpich -lpthread  >&5
configure:6370: $? = 0
configure:6391: result: yes
configure:6410: checking how to run the C++ preprocessor
configure:6446: /dinesh1/data/users/haghakha/slepc-3.4/petsc-3.4.4/regular/bin/mpicxx -E -DH5_USE_16_API -I/dinesh1/data/users/haghakha/slepc-3.4/petsc-3.4.4/include -I/dinesh1/data/users/haghakha/slepc-3.4/petsc-3.4.4/regular/include  -I/include -DH5_USE_16_API conftest.cpp
configure:6453: $? = 0
configure:6484: /dinesh1/data/users/haghakha/slepc-3.4/petsc-3.4.4/regular/bin/mpicxx -E -DH5_USE_16_API -I/dinesh1/data/users/haghakha/slepc-3.4/petsc-3.4.4/include -I/dinesh1/data/users/haghakha/slepc-3.4/petsc-3.4.4/regular/include  -I/include -DH5_USE_16_API conftest.cpp
conftest.cpp:17:28: error: ac_nonexistent.h: No such file or directory
configure:6491: $? = 1
configure: failed program was:
| /* confdefs.h.  */
| #define PACKAGE_NAME "titan"
| #define PACKAGE_TARNAME "titan"
| #define PACKAGE_VERSION "2.0.2"
| #define PACKAGE_STRING "titan 2.0.2"
| #define PACKAGE_BUGREPORT ""
| #define PACKAGE "titan"
| #define VERSION "2.0.2"
| #define HAVE_LIBPTHREAD 1
| #define HAVE_LIBMPICH 1
| #define HAVE_LIBHDF5 1
| #define HAVE_HDF5 1
| #define HAVE_LIBM 1
| #define HAVE_LIBZ 1
| #define HAVE_LIBNSL 1
| /* end confdefs.h.  */
| #include <ac_nonexistent.h>
configure:6524: result: /dinesh1/data/users/haghakha/slepc-3.4/petsc-3.4.4/regular/bin/mpicxx -E
configure:6553: /dinesh1/data/users/haghakha/slepc-3.4/petsc-3.4.4/regular/bin/mpicxx -E -DH5_USE_16_API -I/dinesh1/data/users/haghakha/slepc-3.4/petsc-3.4.4/include -I/dinesh1/data/users/haghakha/slepc-3.4/petsc-3.4.4/regular/include  -I/include -DH5_USE_16_API conftest.cpp
configure:6560: $? = 0
configure:6591: /dinesh1/data/users/haghakha/slepc-3.4/petsc-3.4.4/regular/bin/mpicxx -E -DH5_USE_16_API -I/dinesh1/data/users/haghakha/slepc-3.4/petsc-3.4.4/include -I/dinesh1/data/users/haghakha/slepc-3.4/petsc-3.4.4/regular/include  -I/include -DH5_USE_16_API conftest.cpp
conftest.cpp:17:28: error: ac_nonexistent.h: No such file or directory
configure:6598: $? = 1
configure: failed program was:
| /* confdefs.h.  */
| #define PACKAGE_NAME "titan"
| #define PACKAGE_TARNAME "titan"
| #define PACKAGE_VERSION "2.0.2"
| #define PACKAGE_STRING "titan 2.0.2"
| #define PACKAGE_BUGREPORT ""
| #define PACKAGE "titan"
| #define VERSION "2.0.2"
| #define HAVE_LIBPTHREAD 1
| #define HAVE_LIBMPICH 1
| #define HAVE_LIBHDF5 1
| #define HAVE_HDF5 1
| #define HAVE_LIBM 1
| #define HAVE_LIBZ 1
| #define HAVE_LIBNSL 1
| /* end confdefs.h.  */
| #include <ac_nonexistent.h>
configure:6638: checking for grep that handles long lines and -e
configure:6698: result: /bin/grep
configure:6703: checking for egrep
configure:6767: result: /bin/grep -E
configure:6772: checking for ANSI C header files
configure:6802: /dinesh1/data/users/haghakha/slepc-3.4/petsc-3.4.4/regular/bin/mpicxx -c -DH5_USE_16_AP -I/dinesh1/data/users/haghakha/slepc-3.4/petsc-3.4.4/include -I/dinesh1/data/users/haghakha/slepc-3.4/petsc-3.4.4/regular/include  -I/include -DH5_USE_16_API -I/dinesh1/data/users/haghakha/slepc-3.4/petsc-3.4.4/include -I/dinesh1/data/users/haghakha/slepc-3.4/petsc-3.4.4/regular/include  -I/include -DH5_USE_16_API conftest.cpp >&5
configure:6809: $? = 0
configure:6908: /dinesh1/data/users/haghakha/slepc-3.4/petsc-3.4.4/regular/bin/mpicxx -o conftest -DH5_USE_16_AP -I/dinesh1/data/users/haghakha/slepc-3.4/petsc-3.4.4/include -I/dinesh1/data/users/haghakha/slepc-3.4/petsc-3.4.4/regular/include  -I/include -DH5_USE_16_API -I/dinesh1/data/users/haghakha/slepc-3.4/petsc-3.4.4/include -I/dinesh1/data/users/haghakha/slepc-3.4/petsc-3.4.4/regular/include  -I/include -DH5_USE_16_API -L/dinesh1/data/users/haghakha/slepc-3.4/petsc-3.4.4/regular/lib -lpetsc -L/lib conftest.cpp -lnsl -lz -lm -lhdf5 -lmpich -lpthread  >&5
configure:6912: $? = 0
configure:6918: ./conftest
configure:6922: $? = 0
configure:6940: result: yes
configure:6964: checking for sys/types.h
configure:6985: /dinesh1/data/users/haghakha/slepc-3.4/petsc-3.4.4/regular/bin/mpicxx -c -DH5_USE_16_AP -I/dinesh1/data/users/haghakha/slepc-3.4/petsc-3.4.4/include -I/dinesh1/data/users/haghakha/slepc-3.4/petsc-3.4.4/regular/include  -I/include -DH5_USE_16_API -I/dinesh1/data/users/haghakha/slepc-3.4/petsc-3.4.4/include -I/dinesh1/data/users/haghakha/slepc-3.4/petsc-3.4.4/regular/include  -I/include -DH5_USE_16_API conftest.cpp >&5
configure:6992: $? = 0
configure:7009: result: yes
configure:6964: checking for sys/stat.h
configure:6985: /dinesh1/data/users/haghakha/slepc-3.4/petsc-3.4.4/regular/bin/mpicxx -c -DH5_USE_16_AP -I/dinesh1/data/users/haghakha/slepc-3.4/petsc-3.4.4/include -I/dinesh1/data/users/haghakha/slepc-3.4/petsc-3.4.4/regular/include  -I/include -DH5_USE_16_API -I/dinesh1/data/users/haghakha/slepc-3.4/petsc-3.4.4/include -I/dinesh1/data/users/haghakha/slepc-3.4/petsc-3.4.4/regular/include  -I/include -DH5_USE_16_API conftest.cpp >&5
configure:6992: $? = 0
configure:7009: result: yes
configure:6964: checking for stdlib.h
configure:6985: /dinesh1/data/users/haghakha/slepc-3.4/petsc-3.4.4/regular/bin/mpicxx -c -DH5_USE_16_AP -I/dinesh1/data/users/haghakha/slepc-3.4/petsc-3.4.4/include -I/dinesh1/data/users/haghakha/slepc-3.4/petsc-3.4.4/regular/include  -I/include -DH5_USE_16_API -I/dinesh1/data/users/haghakha/slepc-3.4/petsc-3.4.4/include -I/dinesh1/data/users/haghakha/slepc-3.4/petsc-3.4.4/regular/include  -I/include -DH5_USE_16_API conftest.cpp >&5
configure:6992: $? = 0
configure:7009: result: yes
configure:6964: checking for string.h
configure:6985: /dinesh1/data/users/haghakha/slepc-3.4/petsc-3.4.4/regular/bin/mpicxx -c -DH5_USE_16_AP -I/dinesh1/data/users/haghakha/slepc-3.4/petsc-3.4.4/include -I/dinesh1/data/users/haghakha/slepc-3.4/petsc-3.4.4/regular/include  -I/include -DH5_USE_16_API -I/dinesh1/data/users/haghakha/slepc-3.4/petsc-3.4.4/include -I/dinesh1/data/users/haghakha/slepc-3.4/petsc-3.4.4/regular/include  -I/include -DH5_USE_16_API conftest.cpp >&5
configure:6992: $? = 0
configure:7009: result: yes
configure:6964: checking for memory.h
configure:6985: /dinesh1/data/users/haghakha/slepc-3.4/petsc-3.4.4/regular/bin/mpicxx -c -DH5_USE_16_AP -I/dinesh1/data/users/haghakha/slepc-3.4/petsc-3.4.4/include -I/dinesh1/data/users/haghakha/slepc-3.4/petsc-3.4.4/regular/include  -I/include -DH5_USE_16_API -I/dinesh1/data/users/haghakha/slepc-3.4/petsc-3.4.4/include -I/dinesh1/data/users/haghakha/slepc-3.4/petsc-3.4.4/regular/include  -I/include -DH5_USE_16_API conftest.cpp >&5
configure:6992: $? = 0
configure:7009: result: yes
configure:6964: checking for strings.h
configure:6985: /dinesh1/data/users/haghakha/slepc-3.4/petsc-3.4.4/regular/bin/mpicxx -c -DH5_USE_16_AP -I/dinesh1/data/users/haghakha/slepc-3.4/petsc-3.4.4/include -I/dinesh1/data/users/haghakha/slepc-3.4/petsc-3.4.4/regular/include  -I/include -DH5_USE_16_API -I/dinesh1/data/users/haghakha/slepc-3.4/petsc-3.4.4/include -I/dinesh1/data/users/haghakha/slepc-3.4/petsc-3.4.4/regular/include  -I/include -DH5_USE_16_API conftest.cpp >&5
configure:6992: $? = 0
configure:7009: result: yes
configure:6964: checking for inttypes.h
configure:6985: /dinesh1/data/users/haghakha/slepc-3.4/petsc-3.4.4/regular/bin/mpicxx -c -DH5_USE_16_AP -I/dinesh1/data/users/haghakha/slepc-3.4/petsc-3.4.4/include -I/dinesh1/data/users/haghakha/slepc-3.4/petsc-3.4.4/regular/include  -I/include -DH5_USE_16_API -I/dinesh1/data/users/haghakha/slepc-3.4/petsc-3.4.4/include -I/dinesh1/data/users/haghakha/slepc-3.4/petsc-3.4.4/regular/include  -I/include -DH5_USE_16_API conftest.cpp >&5
configure:6992: $? = 0
configure:7009: result: yes
configure:6964: checking for stdint.h
configure:6985: /dinesh1/data/users/haghakha/slepc-3.4/petsc-3.4.4/regular/bin/mpicxx -c -DH5_USE_16_AP -I/dinesh1/data/users/haghakha/slepc-3.4/petsc-3.4.4/include -I/dinesh1/data/users/haghakha/slepc-3.4/petsc-3.4.4/regular/include  -I/include -DH5_USE_16_API -I/dinesh1/data/users/haghakha/slepc-3.4/petsc-3.4.4/include -I/dinesh1/data/users/haghakha/slepc-3.4/petsc-3.4.4/regular/include  -I/include -DH5_USE_16_API conftest.cpp >&5
configure:6992: $? = 0
configure:7009: result: yes
configure:6964: checking for unistd.h
configure:6985: /dinesh1/data/users/haghakha/slepc-3.4/petsc-3.4.4/regular/bin/mpicxx -c -DH5_USE_16_AP -I/dinesh1/data/users/haghakha/slepc-3.4/petsc-3.4.4/include -I/dinesh1/data/users/haghakha/slepc-3.4/petsc-3.4.4/regular/include  -I/include -DH5_USE_16_API -I/dinesh1/data/users/haghakha/slepc-3.4/petsc-3.4.4/include -I/dinesh1/data/users/haghakha/slepc-3.4/petsc-3.4.4/regular/include  -I/include -DH5_USE_16_API conftest.cpp >&5
configure:6992: $? = 0
configure:7009: result: yes
configure:7044: checking limits.h usability
configure:7061: /dinesh1/data/users/haghakha/slepc-3.4/petsc-3.4.4/regular/bin/mpicxx -c -DH5_USE_16_AP -I/dinesh1/data/users/haghakha/slepc-3.4/petsc-3.4.4/include -I/dinesh1/data/users/haghakha/slepc-3.4/petsc-3.4.4/regular/include  -I/include -DH5_USE_16_API -I/dinesh1/data/users/haghakha/slepc-3.4/petsc-3.4.4/include -I/dinesh1/data/users/haghakha/slepc-3.4/petsc-3.4.4/regular/include  -I/include -DH5_USE_16_API conftest.cpp >&5
configure:7068: $? = 0
configure:7082: result: yes
configure:7086: checking limits.h presence
configure:7101: /dinesh1/data/users/haghakha/slepc-3.4/petsc-3.4.4/regular/bin/mpicxx -E -DH5_USE_16_API -I/dinesh1/data/users/haghakha/slepc-3.4/petsc-3.4.4/include -I/dinesh1/data/users/haghakha/slepc-3.4/petsc-3.4.4/regular/include  -I/include -DH5_USE_16_API conftest.cpp
configure:7108: $? = 0
configure:7122: result: yes
configure:7150: checking for limits.h
configure:7159: result: yes
configure:7044: checking malloc.h usability
configure:7061: /dinesh1/data/users/haghakha/slepc-3.4/petsc-3.4.4/regular/bin/mpicxx -c -DH5_USE_16_AP -I/dinesh1/data/users/haghakha/slepc-3.4/petsc-3.4.4/include -I/dinesh1/data/users/haghakha/slepc-3.4/petsc-3.4.4/regular/include  -I/include -DH5_USE_16_API -I/dinesh1/data/users/haghakha/slepc-3.4/petsc-3.4.4/include -I/dinesh1/data/users/haghakha/slepc-3.4/petsc-3.4.4/regular/include  -I/include -DH5_USE_16_API conftest.cpp >&5
configure:7068: $? = 0
configure:7082: result: yes
configure:7086: checking malloc.h presence
configure:7101: /dinesh1/data/users/haghakha/slepc-3.4/petsc-3.4.4/regular/bin/mpicxx -E -DH5_USE_16_API -I/dinesh1/data/users/haghakha/slepc-3.4/petsc-3.4.4/include -I/dinesh1/data/users/haghakha/slepc-3.4/petsc-3.4.4/regular/include  -I/include -DH5_USE_16_API conftest.cpp
configure:7108: $? = 0
configure:7122: result: yes
configure:7150: checking for malloc.h
configure:7159: result: yes
configure:7033: checking for stdlib.h
configure:7040: result: yes
configure:7033: checking for string.h
configure:7040: result: yes
configure:7044: checking mpi.h usability
configure:7061: /dinesh1/data/users/haghakha/slepc-3.4/petsc-3.4.4/regular/bin/mpicxx -c -DH5_USE_16_AP -I/dinesh1/data/users/haghakha/slepc-3.4/petsc-3.4.4/include -I/dinesh1/data/users/haghakha/slepc-3.4/petsc-3.4.4/regular/include  -I/include -DH5_USE_16_API -I/dinesh1/data/users/haghakha/slepc-3.4/petsc-3.4.4/include -I/dinesh1/data/users/haghakha/slepc-3.4/petsc-3.4.4/regular/include  -I/include -DH5_USE_16_API conftest.cpp >&5
configure:7068: $? = 0
configure:7082: result: yes
configure:7086: checking mpi.h presence
configure:7101: /dinesh1/data/users/haghakha/slepc-3.4/petsc-3.4.4/regular/bin/mpicxx -E -DH5_USE_16_API -I/dinesh1/data/users/haghakha/slepc-3.4/petsc-3.4.4/include -I/dinesh1/data/users/haghakha/slepc-3.4/petsc-3.4.4/regular/include  -I/include -DH5_USE_16_API conftest.cpp
configure:7108: $? = 0
configure:7122: result: yes
configure:7150: checking for mpi.h
configure:7159: result: yes
configure:7044: checking hdf5.h usability
configure:7061: /dinesh1/data/users/haghakha/slepc-3.4/petsc-3.4.4/regular/bin/mpicxx -c -DH5_USE_16_AP -I/dinesh1/data/users/haghakha/slepc-3.4/petsc-3.4.4/include -I/dinesh1/data/users/haghakha/slepc-3.4/petsc-3.4.4/regular/include  -I/include -DH5_USE_16_API -I/dinesh1/data/users/haghakha/slepc-3.4/petsc-3.4.4/include -I/dinesh1/data/users/haghakha/slepc-3.4/petsc-3.4.4/regular/include  -I/include -DH5_USE_16_API conftest.cpp >&5
configure:7068: $? = 0
configure:7082: result: yes
configure:7086: checking hdf5.h presence
configure:7101: /dinesh1/data/users/haghakha/slepc-3.4/petsc-3.4.4/regular/bin/mpicxx -E -DH5_USE_16_API -I/dinesh1/data/users/haghakha/slepc-3.4/petsc-3.4.4/include -I/dinesh1/data/users/haghakha/slepc-3.4/petsc-3.4.4/regular/include  -I/include -DH5_USE_16_API conftest.cpp
configure:7108: $? = 0
configure:7122: result: yes
configure:7150: checking for hdf5.h
configure:7159: result: yes
configure:7176: checking for stdbool.h that conforms to C99
configure:7271: /dinesh1/data/users/haghakha/slepc-3.4/petsc-3.4.4/regular/bin/mpicxx -c -DH5_USE_16_AP -I/dinesh1/data/users/haghakha/slepc-3.4/petsc-3.4.4/include -I/dinesh1/data/users/haghakha/slepc-3.4/petsc-3.4.4/regular/include  -I/include -DH5_USE_16_API -I/dinesh1/data/users/haghakha/slepc-3.4/petsc-3.4.4/include -I/dinesh1/data/users/haghakha/slepc-3.4/petsc-3.4.4/regular/include  -I/include -DH5_USE_16_API conftest.cpp >&5
conftest.cpp:60: warning: the address of 's' will always evaluate as 'true'
conftest.cpp: In function 'int main()':
conftest.cpp:104: warning: the address of 'a' will always evaluate as 'true'
conftest.cpp:104: warning: the address of 'b' will always evaluate as 'true'
conftest.cpp:104: warning: the address of 'c' will always evaluate as 'true'
conftest.cpp:104: warning: the address of 'd' will always evaluate as 'true'
conftest.cpp:104: warning: the address of 'f' will always evaluate as 'true'
conftest.cpp:104: warning: the address of 'g' will always evaluate as 'true'
conftest.cpp:104: warning: the address of 'h' will always evaluate as 'true'
conftest.cpp:104: warning: the address of 'i' will always evaluate as 'true'
conftest.cpp:105: warning: the address of 'n' will always evaluate as 'true'
conftest.cpp:105: warning: the address of 'o' will always evaluate as 'true'
conftest.cpp:105: warning: the address of 'p' will always evaluate as 'true'
configure:7278: $? = 0
configure:7293: result: yes
configure:7295: checking for _Bool
configure:7323: /dinesh1/data/users/haghakha/slepc-3.4/petsc-3.4.4/regular/bin/mpicxx -c -DH5_USE_16_AP -I/dinesh1/data/users/haghakha/slepc-3.4/petsc-3.4.4/include -I/dinesh1/data/users/haghakha/slepc-3.4/petsc-3.4.4/regular/include  -I/include -DH5_USE_16_API -I/dinesh1/data/users/haghakha/slepc-3.4/petsc-3.4.4/include -I/dinesh1/data/users/haghakha/slepc-3.4/petsc-3.4.4/regular/include  -I/include -DH5_USE_16_API conftest.cpp >&5
conftest.cpp: In function 'int main()':
conftest.cpp:69: error: '_Bool' was not declared in this scope
configure:7330: $? = 1
configure: failed program was:
| /* confdefs.h.  */
| #define PACKAGE_NAME "titan"
| #define PACKAGE_TARNAME "titan"
| #define PACKAGE_VERSION "2.0.2"
| #define PACKAGE_STRING "titan 2.0.2"
| #define PACKAGE_BUGREPORT ""
| #define PACKAGE "titan"
| #define VERSION "2.0.2"
| #define HAVE_LIBPTHREAD 1
| #define HAVE_LIBMPICH 1
| #define HAVE_LIBHDF5 1
| #define HAVE_HDF5 1
| #define HAVE_LIBM 1
| #define HAVE_LIBZ 1
| #define HAVE_LIBNSL 1
| #define STDC_HEADERS 1
| #define HAVE_SYS_TYPES_H 1
| #define HAVE_SYS_STAT_H 1
| #define HAVE_STDLIB_H 1
| #define HAVE_STRING_H 1
| #define HAVE_MEMORY_H 1
| #define HAVE_STRINGS_H 1
| #define HAVE_INTTYPES_H 1
| #define HAVE_STDINT_H 1
| #define HAVE_UNISTD_H 1
| #define HAVE_LIMITS_H 1
| #define HAVE_MALLOC_H 1
| #define HAVE_STDLIB_H 1
| #define HAVE_STRING_H 1
| #define HAVE_MPI_H 1
| #define HAVE_HDF5_H 1
| /* end confdefs.h.  */
| #include <stdio.h>
| #ifdef HAVE_SYS_TYPES_H
| # include <sys/types.h>
| #endif
| #ifdef HAVE_SYS_STAT_H
| # include <sys/stat.h>
| #endif
| #ifdef STDC_HEADERS
| # include <stdlib.h>
| # include <stddef.h>
| #else
| # ifdef HAVE_STDLIB_H
| #  include <stdlib.h>
| # endif
| #endif
| #ifdef HAVE_STRING_H
| # if !defined STDC_HEADERS && defined HAVE_MEMORY_H
| #  include <memory.h>
| # endif
| # include <string.h>
| #endif
| #ifdef HAVE_STRINGS_H
| # include <strings.h>
| #endif
| #ifdef HAVE_INTTYPES_H
| # include <inttypes.h>
| #endif
| #ifdef HAVE_STDINT_H
| # include <stdint.h>
| #endif
| #ifdef HAVE_UNISTD_H
| # include <unistd.h>
| #endif
| int
| main ()
| {
| if (sizeof (_Bool))
|        return 0;
|   ;
|   return 0;
| }
configure:7387: result: no
configure:7406: checking for an ANSI C-conforming const
configure:7481: /dinesh1/data/users/haghakha/slepc-3.4/petsc-3.4.4/regular/bin/mpicxx -c -DH5_USE_16_AP -I/dinesh1/data/users/haghakha/slepc-3.4/petsc-3.4.4/include -I/dinesh1/data/users/haghakha/slepc-3.4/petsc-3.4.4/regular/include  -I/include -DH5_USE_16_API -I/dinesh1/data/users/haghakha/slepc-3.4/petsc-3.4.4/include -I/dinesh1/data/users/haghakha/slepc-3.4/petsc-3.4.4/regular/include  -I/include -DH5_USE_16_API conftest.cpp >&5
configure:7488: $? = 0
configure:7503: result: yes
configure:7513: checking for inline
configure:7539: /dinesh1/data/users/haghakha/slepc-3.4/petsc-3.4.4/regular/bin/mpicxx -c -DH5_USE_16_AP -I/dinesh1/data/users/haghakha/slepc-3.4/petsc-3.4.4/include -I/dinesh1/data/users/haghakha/slepc-3.4/petsc-3.4.4/regular/include  -I/include -DH5_USE_16_API -I/dinesh1/data/users/haghakha/slepc-3.4/petsc-3.4.4/include -I/dinesh1/data/users/haghakha/slepc-3.4/petsc-3.4.4/regular/include  -I/include -DH5_USE_16_API conftest.cpp >&5
configure:7546: $? = 0
configure:7564: result: inline
configure:7583: checking for size_t
configure:7611: /dinesh1/data/users/haghakha/slepc-3.4/petsc-3.4.4/regular/bin/mpicxx -c -DH5_USE_16_AP -I/dinesh1/data/users/haghakha/slepc-3.4/petsc-3.4.4/include -I/dinesh1/data/users/haghakha/slepc-3.4/petsc-3.4.4/regular/include  -I/include -DH5_USE_16_API -I/dinesh1/data/users/haghakha/slepc-3.4/petsc-3.4.4/include -I/dinesh1/data/users/haghakha/slepc-3.4/petsc-3.4.4/regular/include  -I/include -DH5_USE_16_API conftest.cpp >&5
configure:7618: $? = 0
configure:7645: /dinesh1/data/users/haghakha/slepc-3.4/petsc-3.4.4/regular/bin/mpicxx -c -DH5_USE_16_AP -I/dinesh1/data/users/haghakha/slepc-3.4/petsc-3.4.4/include -I/dinesh1/data/users/haghakha/slepc-3.4/petsc-3.4.4/regular/include  -I/include -DH5_USE_16_API -I/dinesh1/data/users/haghakha/slepc-3.4/petsc-3.4.4/include -I/dinesh1/data/users/haghakha/slepc-3.4/petsc-3.4.4/regular/include  -I/include -DH5_USE_16_API conftest.cpp >&5
conftest.cpp: In function 'int main()':
conftest.cpp:70: error: expected primary-expression before ')' token
configure:7652: $? = 1
configure: failed program was:
| /* confdefs.h.  */
| #define PACKAGE_NAME "titan"
| #define PACKAGE_TARNAME "titan"
| #define PACKAGE_VERSION "2.0.2"
| #define PACKAGE_STRING "titan 2.0.2"
| #define PACKAGE_BUGREPORT ""
| #define PACKAGE "titan"
| #define VERSION "2.0.2"
| #define HAVE_LIBPTHREAD 1
| #define HAVE_LIBMPICH 1
| #define HAVE_LIBHDF5 1
| #define HAVE_HDF5 1
| #define HAVE_LIBM 1
| #define HAVE_LIBZ 1
| #define HAVE_LIBNSL 1
| #define STDC_HEADERS 1
| #define HAVE_SYS_TYPES_H 1
| #define HAVE_SYS_STAT_H 1
| #define HAVE_STDLIB_H 1
| #define HAVE_STRING_H 1
| #define HAVE_MEMORY_H 1
| #define HAVE_STRINGS_H 1
| #define HAVE_INTTYPES_H 1
| #define HAVE_STDINT_H 1
| #define HAVE_UNISTD_H 1
| #define HAVE_LIMITS_H 1
| #define HAVE_MALLOC_H 1
| #define HAVE_STDLIB_H 1
| #define HAVE_STRING_H 1
| #define HAVE_MPI_H 1
| #define HAVE_HDF5_H 1
| #define HAVE_STDBOOL_H 1
| /* end confdefs.h.  */
| #include <stdio.h>
| #ifdef HAVE_SYS_TYPES_H
| # include <sys/types.h>
| #endif
| #ifdef HAVE_SYS_STAT_H
| # include <sys/stat.h>
| #endif
| #ifdef STDC_HEADERS
| # include <stdlib.h>
| # include <stddef.h>
| #else
| # ifdef HAVE_STDLIB_H
| #  include <stdlib.h>
| # endif
| #endif
| #ifdef HAVE_STRING_H
| # if !defined STDC_HEADERS && defined HAVE_MEMORY_H
| #  include <memory.h>
| # endif
| # include <string.h>
| #endif
| #ifdef HAVE_STRINGS_H
| # include <strings.h>
| #endif
| #ifdef HAVE_INTTYPES_H
| # include <inttypes.h>
| #endif
| #ifdef HAVE_STDINT_H
| # include <stdint.h>
| #endif
| #ifdef HAVE_UNISTD_H
| # include <unistd.h>
| #endif
| int
| main ()
| {
| if (sizeof ((size_t)))
| 	  return 0;
|   ;
|   return 0;
| }
configure:7675: result: yes
configure:7690: checking whether sys/types.h defines makedev
configure:7716: /dinesh1/data/users/haghakha/slepc-3.4/petsc-3.4.4/regular/bin/mpicxx -o conftest -DH5_USE_16_AP -I/dinesh1/data/users/haghakha/slepc-3.4/petsc-3.4.4/include -I/dinesh1/data/users/haghakha/slepc-3.4/petsc-3.4.4/regular/include  -I/include -DH5_USE_16_API -I/dinesh1/data/users/haghakha/slepc-3.4/petsc-3.4.4/include -I/dinesh1/data/users/haghakha/slepc-3.4/petsc-3.4.4/regular/include  -I/include -DH5_USE_16_API -L/dinesh1/data/users/haghakha/slepc-3.4/petsc-3.4.4/regular/lib -lpetsc -L/lib conftest.cpp -lnsl -lz -lm -lhdf5 -lmpich -lpthread  >&5
configure:7723: $? = 0
configure:7744: result: yes
configure:8033: checking for floor
configure:8089: /dinesh1/data/users/haghakha/slepc-3.4/petsc-3.4.4/regular/bin/mpicxx -o conftest -DH5_USE_16_AP -I/dinesh1/data/users/haghakha/slepc-3.4/petsc-3.4.4/include -I/dinesh1/data/users/haghakha/slepc-3.4/petsc-3.4.4/regular/include  -I/include -DH5_USE_16_API -I/dinesh1/data/users/haghakha/slepc-3.4/petsc-3.4.4/include -I/dinesh1/data/users/haghakha/slepc-3.4/petsc-3.4.4/regular/include  -I/include -DH5_USE_16_API -L/dinesh1/data/users/haghakha/slepc-3.4/petsc-3.4.4/regular/lib -lpetsc -L/lib conftest.cpp -lnsl -lz -lm -lhdf5 -lmpich -lpthread  >&5
configure:8096: $? = 0
configure:8118: result: yes
configure:8033: checking for pow
configure:8089: /dinesh1/data/users/haghakha/slepc-3.4/petsc-3.4.4/regular/bin/mpicxx -o conftest -DH5_USE_16_AP -I/dinesh1/data/users/haghakha/slepc-3.4/petsc-3.4.4/include -I/dinesh1/data/users/haghakha/slepc-3.4/petsc-3.4.4/regular/include  -I/include -DH5_USE_16_API -I/dinesh1/data/users/haghakha/slepc-3.4/petsc-3.4.4/include -I/dinesh1/data/users/haghakha/slepc-3.4/petsc-3.4.4/regular/include  -I/include -DH5_USE_16_API -L/dinesh1/data/users/haghakha/slepc-3.4/petsc-3.4.4/regular/lib -lpetsc -L/lib conftest.cpp -lnsl -lz -lm -lhdf5 -lmpich -lpthread  >&5
configure:8096: $? = 0
configure:8118: result: yes
configure:8033: checking for sqrt
configure:8089: /dinesh1/data/users/haghakha/slepc-3.4/petsc-3.4.4/regular/bin/mpicxx -o conftest -DH5_USE_16_AP -I/dinesh1/data/users/haghakha/slepc-3.4/petsc-3.4.4/include -I/dinesh1/data/users/haghakha/slepc-3.4/petsc-3.4.4/regular/include  -I/include -DH5_USE_16_API -I/dinesh1/data/users/haghakha/slepc-3.4/petsc-3.4.4/include -I/dinesh1/data/users/haghakha/slepc-3.4/petsc-3.4.4/regular/include  -I/include -DH5_USE_16_API -L/dinesh1/data/users/haghakha/slepc-3.4/petsc-3.4.4/regular/lib -lpetsc -L/lib conftest.cpp -lnsl -lz -lm -lhdf5 -lmpich -lpthread  >&5
configure:8096: $? = 0
configure:8118: result: yes
configure:8033: checking for strchr
configure:8089: /dinesh1/data/users/haghakha/slepc-3.4/petsc-3.4.4/regular/bin/mpicxx -o conftest -DH5_USE_16_AP -I/dinesh1/data/users/haghakha/slepc-3.4/petsc-3.4.4/include -I/dinesh1/data/users/haghakha/slepc-3.4/petsc-3.4.4/regular/include  -I/include -DH5_USE_16_API -I/dinesh1/data/users/haghakha/slepc-3.4/petsc-3.4.4/include -I/dinesh1/data/users/haghakha/slepc-3.4/petsc-3.4.4/regular/include  -I/include -DH5_USE_16_API -L/dinesh1/data/users/haghakha/slepc-3.4/petsc-3.4.4/regular/lib -lpetsc -L/lib conftest.cpp -lnsl -lz -lm -lhdf5 -lmpich -lpthread  >&5
configure:8096: $? = 0
configure:8118: result: yes
configure:8033: checking for strdup
configure:8089: /dinesh1/data/users/haghakha/slepc-3.4/petsc-3.4.4/regular/bin/mpicxx -o conftest -DH5_USE_16_AP -I/dinesh1/data/users/haghakha/slepc-3.4/petsc-3.4.4/include -I/dinesh1/data/users/haghakha/slepc-3.4/petsc-3.4.4/regular/include  -I/include -DH5_USE_16_API -I/dinesh1/data/users/haghakha/slepc-3.4/petsc-3.4.4/include -I/dinesh1/data/users/haghakha/slepc-3.4/petsc-3.4.4/regular/include  -I/include -DH5_USE_16_API -L/dinesh1/data/users/haghakha/slepc-3.4/petsc-3.4.4/regular/lib -lpetsc -L/lib conftest.cpp -lnsl -lz -lm -lhdf5 -lmpich -lpthread  >&5
configure:8096: $? = 0
configure:8118: result: yes
configure:8278: creating ./config.status

## ---------------- ##
## Cache variables. ##
## ---------------- ##

ac_cv_c_compiler_gnu=yes
ac_cv_c_const=yes
ac_cv_c_inline=inline
ac_cv_cxx_compiler_gnu=yes
ac_cv_env_CCC_set=
ac_cv_env_CCC_value=
ac_cv_env_CC_set=set
ac_cv_env_CC_value=/dinesh1/data/users/haghakha/slepc-3.4/petsc-3.4.4/regular/bin/mpicc
ac_cv_env_CFLAGS_set=
ac_cv_env_CFLAGS_value=
ac_cv_env_CPPFLAGS_set=set
ac_cv_env_CPPFLAGS_value='-DH5_USE_16_API -I/dinesh1/data/users/haghakha/slepc-3.4/petsc-3.4.4/include -I/dinesh1/data/users/haghakha/slepc-3.4/petsc-3.4.4/regular/include'
ac_cv_env_CPP_set=
ac_cv_env_CPP_value=
ac_cv_env_CXXCPP_set=
ac_cv_env_CXXCPP_value=
ac_cv_env_CXXFLAGS_set=set
ac_cv_env_CXXFLAGS_value='-DH5_USE_16_AP -I/dinesh1/data/users/haghakha/slepc-3.4/petsc-3.4.4/include -I/dinesh1/data/users/haghakha/slepc-3.4/petsc-3.4.4/regular/include'
ac_cv_env_CXX_set=set
ac_cv_env_CXX_value=/dinesh1/data/users/haghakha/slepc-3.4/petsc-3.4.4/regular/bin/mpicxx
ac_cv_env_F77_set=
ac_cv_env_F77_value=
ac_cv_env_FFLAGS_set=
ac_cv_env_FFLAGS_value=
ac_cv_env_LDFLAGS_set=set
ac_cv_env_LDFLAGS_value='-L/dinesh1/data/users/haghakha/slepc-3.4/petsc-3.4.4/regular/lib -lpetsc'
ac_cv_env_LIBS_set=
ac_cv_env_LIBS_value=
ac_cv_env_build_alias_set=
ac_cv_env_build_alias_value=
ac_cv_env_host_alias_set=set
ac_cv_env_host_alias_value=x86_64
ac_cv_env_target_alias_set=
ac_cv_env_target_alias_value=
ac_cv_f77_compiler_gnu=yes
ac_cv_f77_libs=' -L/dinesh1/data/users/haghakha/slepc-3.4/petsc-3.4.4/regular/lib -L/usr/lib/gcc/x86_64-redhat-linux/4.4.7 -L/usr/lib/gcc/x86_64-redhat-linux/4.4.7/../../../../lib64 -L/lib/../lib64 -L/usr/lib/../lib64 -L/usr/lib/gcc/x86_64-redhat-linux/4.4.7/../../.. -lpetsc -lgfortranbegin -lgfortran -lm'
ac_cv_func_floor=yes
ac_cv_func_pow=yes
ac_cv_func_sqrt=yes
ac_cv_func_strchr=yes
ac_cv_func_strdup=yes
ac_cv_header_hdf5_h=yes
ac_cv_header_inttypes_h=yes
ac_cv_header_limits_h=yes
ac_cv_header_malloc_h=yes
ac_cv_header_memory_h=yes
ac_cv_header_mpi_h=yes
ac_cv_header_stdbool_h=yes
ac_cv_header_stdc=yes
ac_cv_header_stdint_h=yes
ac_cv_header_stdlib_h=yes
ac_cv_header_string_h=yes
ac_cv_header_strings_h=yes
ac_cv_header_sys_stat_h=yes
ac_cv_header_sys_types_h=yes
ac_cv_header_sys_types_h_makedev=yes
ac_cv_header_unistd_h=yes
ac_cv_lib_gis_G_gisinit=no
ac_cv_lib_hdf5_H5open=yes
ac_cv_lib_m_matherr=yes
ac_cv_lib_mpich_MPI_Init=yes
ac_cv_lib_nsl_inet_ntoa=yes
ac_cv_lib_pthread_pthread_create=yes
ac_cv_lib_z_gzdopen=yes
ac_cv_objext=o
ac_cv_path_EGREP='/bin/grep -E'
ac_cv_path_GREP=/bin/grep
ac_cv_path_install='/usr/bin/install -c'
ac_cv_path_mkdir=/bin/mkdir
ac_cv_prog_AWK=gawk
ac_cv_prog_CC=/dinesh1/data/users/haghakha/slepc-3.4/petsc-3.4.4/regular/bin/mpicc
ac_cv_prog_CPP='/dinesh1/data/users/haghakha/slepc-3.4/petsc-3.4.4/regular/bin/mpicc -E'
ac_cv_prog_CXXCPP='/dinesh1/data/users/haghakha/slepc-3.4/petsc-3.4.4/regular/bin/mpicxx -E'
ac_cv_prog_ac_ct_F77=gfortran
ac_cv_prog_ac_ct_RANLIB=ranlib
ac_cv_prog_ac_ct_STRIP=strip
ac_cv_prog_cc_c89=
ac_cv_prog_cc_g=yes
ac_cv_prog_cxx_g=yes
ac_cv_prog_f77_g=yes
ac_cv_prog_f77_v=-v
ac_cv_prog_make_make_set=yes
ac_cv_sys_file_offset_bits=no
ac_cv_sys_largefile_CC=no
ac_cv_type__Bool=no
ac_cv_type_size_t=yes
am_cv_CC_dependencies_compiler_type=gcc3
am_cv_CXX_dependencies_compiler_type=gcc3

## ----------------- ##
## Output variables. ##
## ----------------- ##

ACLOCAL='${SHELL} /dinesh1/data/users/haghakha/TITAN2D/phasefield/missing --run aclocal-1.11'
AMDEPBACKSLASH='\'
AMDEP_FALSE='#'
AMDEP_TRUE=''
AMTAR='${SHELL} /dinesh1/data/users/haghakha/TITAN2D/phasefield/missing --run tar'
AUTOCONF='${SHELL} /dinesh1/data/users/haghakha/TITAN2D/phasefield/missing --run autoconf'
AUTOHEADER='${SHELL} /dinesh1/data/users/haghakha/TITAN2D/phasefield/missing --run autoheader'
AUTOMAKE='${SHELL} /dinesh1/data/users/haghakha/TITAN2D/phasefield/missing --run automake-1.11'
AWK='gawk'
CC='/dinesh1/data/users/haghakha/slepc-3.4/petsc-3.4.4/regular/bin/mpicc'
CCDEPMODE='depmode=gcc3'
CFLAGS='-g -O2 -I/include'
CPP='/dinesh1/data/users/haghakha/slepc-3.4/petsc-3.4.4/regular/bin/mpicc -E'
CPPFLAGS='-DH5_USE_16_API -I/dinesh1/data/users/haghakha/slepc-3.4/petsc-3.4.4/include -I/dinesh1/data/users/haghakha/slepc-3.4/petsc-3.4.4/regular/include  -I/include -DH5_USE_16_API'
CXX='/dinesh1/data/users/haghakha/slepc-3.4/petsc-3.4.4/regular/bin/mpicxx'
CXXCPP='/dinesh1/data/users/haghakha/slepc-3.4/petsc-3.4.4/regular/bin/mpicxx -E'
CXXDEPMODE='depmode=gcc3'
CXXFLAGS='-DH5_USE_16_AP -I/dinesh1/data/users/haghakha/slepc-3.4/petsc-3.4.4/include -I/dinesh1/data/users/haghakha/slepc-3.4/petsc-3.4.4/regular/include  -I/include'
CYGPATH_W='echo'
DEFS='-DHAVE_CONFIG_H'
DEPDIR='.deps'
ECHO_C=''
ECHO_N='-n'
ECHO_T=''
EGREP='/bin/grep -E'
EXEEXT=''
F77='gfortran'
FFLAGS='-g -O2'
FLIBS=' -L/dinesh1/data/users/haghakha/slepc-3.4/petsc-3.4.4/regular/lib -L/usr/lib/gcc/x86_64-redhat-linux/4.4.7 -L/usr/lib/gcc/x86_64-redhat-linux/4.4.7/../../../../lib64 -L/lib/../lib64 -L/usr/lib/../lib64 -L/usr/lib/gcc/x86_64-redhat-linux/4.4.7/../../.. -lpetsc -lgfortranbegin -lgfortran -lm'
GREP='/bin/grep'
HAVE_HDF5_FALSE='#'
HAVE_HDF5_TRUE=''
INSTALL_DATA='${INSTALL} -m 644'
INSTALL_PROGRAM='${INSTALL}'
INSTALL_SCRIPT='${INSTALL}'
INSTALL_STRIP_PROGRAM='$(install_sh) -c -s'
LDFLAGS='-L/dinesh1/data/users/haghakha/slepc-3.4/petsc-3.4.4/regular/lib -lpetsc -L/lib'
LIBOBJS=''
LIBS='-lnsl -lz -lm -lhdf5 -lmpich -lpthread '
LN_S='ln -s'
LTLIBOBJS=''
MAKEINFO='${SHELL} /dinesh1/data/users/haghakha/TITAN2D/phasefield/missing --run makeinfo'
MKDIR_P='/bin/mkdir -p'
OBJEXT='o'
PACKAGE='titan'
PACKAGE_BUGREPORT=''
PACKAGE_NAME='titan'
PACKAGE_STRING='titan 2.0.2'
PACKAGE_TARNAME='titan'
PACKAGE_VERSION='2.0.2'
PATH_SEPARATOR=':'
RANLIB='ranlib'
SET_MAKE=''
SHELL='/bin/sh'
STRIP='strip'
VERSION='2.0.2'
ac_ct_CC=''
ac_ct_CXX=''
ac_ct_F77='gfortran'
am__EXEEXT_FALSE=''
am__EXEEXT_TRUE='#'
am__fastdepCC_FALSE='#'
am__fastdepCC_TRUE=''
am__fastdepCXX_FALSE='#'
am__fastdepCXX_TRUE=''
am__include='include'
am__isrc=''
am__leading_dot='.'
am__quote=''
am__tar='${AMTAR} chof - "$$tardir"'
am__untar='${AMTAR} xf -'
bindir='${exec_prefix}/bin'
build_alias=''
datadir='${datarootdir}'
datarootdir='${prefix}/share'
docdir='${datarootdir}/doc/${PACKAGE_TARNAME}'
dvidir='${docdir}'
exec_prefix='${prefix}'
host_alias='x86_64'
htmldir='${docdir}'
includedir='${prefix}/include'
infodir='${datarootdir}/info'
install_sh='${SHELL} /dinesh1/data/users/haghakha/TITAN2D/phasefield/install-sh'
libdir='${exec_prefix}/lib'
libexecdir='${exec_prefix}/libexec'
localedir='${datarootdir}/locale'
localstatedir='${prefix}/var'
mandir='${datarootdir}/man'
mkdir_p='/bin/mkdir -p'
oldincludedir='/usr/include'
pdfdir='${docdir}'
prefix='/dinesh1/data/users/haghakha/TITAN2D/phasefield'
program_transform_name='s,x,x,'
psdir='${docdir}'
sbindir='${exec_prefix}/sbin'
sharedstatedir='${prefix}/com'
sysconfdir='${prefix}/etc'
target_alias=''

## ----------- ##
## confdefs.h. ##
## ----------- ##

#define PACKAGE_NAME "titan"
#define PACKAGE_TARNAME "titan"
#define PACKAGE_VERSION "2.0.2"
#define PACKAGE_STRING "titan 2.0.2"
#define PACKAGE_BUGREPORT ""
#define PACKAGE "titan"
#define VERSION "2.0.2"
#define HAVE_LIBPTHREAD 1
#define HAVE_LIBMPICH 1
#define HAVE_LIBHDF5 1
#define HAVE_HDF5 1
#define HAVE_LIBM 1
#define HAVE_LIBZ 1
#define HAVE_LIBNSL 1
#define STDC_HEADERS 1
#define HAVE_SYS_TYPES_H 1
#define HAVE_SYS_STAT_H 1
#define HAVE_STDLIB_H 1
#define HAVE_STRING_H 1
#define HAVE_MEMORY_H 1
#define HAVE_STRINGS_H 1
#define HAVE_INTTYPES_H 1
#define HAVE_STDINT_H 1
#define HAVE_UNISTD_H 1
#define HAVE_LIMITS_H 1
#define HAVE_MALLOC_H 1
#define HAVE_STDLIB_H 1
#define HAVE_STRING_H 1
#define HAVE_MPI_H 1
#define HAVE_HDF5_H 1
#define HAVE_STDBOOL_H 1
#define HAVE_FLOOR 1
#define HAVE_POW 1
#define HAVE_SQRT 1
#define HAVE_STRCHR 1
#define HAVE_STRDUP 1

configure: exit 0

## ---------------------- ##
## Running config.status. ##
## ---------------------- ##

This file was extended by titan config.status 2.0.2, which was
generated by GNU Autoconf 2.63.  Invocation command line was

  CONFIG_FILES    = 
  CONFIG_HEADERS  = 
  CONFIG_LINKS    = 
  CONFIG_COMMANDS = 
  $ ./config.status 

on dinesh.eng.buffalo.edu

config.status:822: creating Makefile
config.status:822: creating scripts/Makefile
config.status:822: creating src/Makefile
config.status:822: creating src/adapt/Makefile
config.status:822: creating src/datstr/Makefile
config.status:822: creating src/geoflow/Makefile
config.status:822: creating src/gisapi/Makefile
config.status:822: creating src/header/Makefile
config.status:822: creating src/main/Makefile
config.status:822: creating src/preproc/Makefile
config.status:822: creating src/repartition/Makefile
config.status:822: creating src/stochastic/Makefile
config.status:822: creating src/tecplot/Makefile
config.status:822: creating src/useful/Makefile
config.status:822: creating src/vectordatapreproc/Makefile
config.status:822: creating config.h
config.status:1044: config.h is unchanged
config.status:1096: executing depfiles commands
